2025-07-03 10:12:37 [INFO] Logging directory: /data/theo/projects/Tiling/OPT-einsum/TVM-auto/Kernels/Einsum3D/32x126x8x256/ms_log_einsum_mb/logs
2025-07-03 10:12:46 [INFO] [task_scheduler.cc:165] Initializing Task #0: "main"
2025-07-03 10:12:46 [INFO] [task_scheduler.cc:326] 
 ID | Name |     FLOP | Weight | Speed (GFLOPS) | Latency (us) | Weighted Latency (us) | Trials | Done 
-------------------------------------------------------------------------------------------------------
  0 | main | 16515072 |      1 |            N/A |          N/A |                   N/A |      0 |      
-------------------------------------------------------------------------------------------------------
Total trials: 0
Total latency (us): 0

2025-07-03 10:12:46 [INFO] [task_scheduler.cc:186] TaskScheduler picks Task #0: "main"
2025-07-03 10:12:46 [INFO] [task_scheduler.cc:199] Sending 1 sample(s) to builder
2025-07-03 10:12:48 [INFO] [task_scheduler.cc:201] Sending 1 sample(s) to runner
2025-07-03 10:12:50 [DEBUG] XGB iter   0: tr-p-rmse: 0.000000	tr-a-peak@32: 1.000000	tr-rmse: 0.500000	tr-rmse: 0.500000
2025-07-03 10:12:50 [DEBUG] XGB iter  25: tr-p-rmse: 0.000000	tr-a-peak@32: 1.000000	tr-rmse: 0.500000	tr-rmse: 0.500000
2025-07-03 10:12:50 [DEBUG] XGB iter  50: tr-p-rmse: 0.000000	tr-a-peak@32: 1.000000	tr-rmse: 0.500000	tr-rmse: 0.500000
2025-07-03 10:12:50 [DEBUG] XGB stopped. Best iteration: [0] tr-p-rmse:0.00000	tr-a-peak@32:1.00000	tr-rmse:0.50000	tr-rmse:0.50000 
2025-07-03 10:12:50 [INFO] [task_scheduler.cc:243] [Updated] Task #0: "main"
2025-07-03 10:12:50 [INFO] [task_scheduler.cc:326] 
 ID | Name |     FLOP | Weight | Speed (GFLOPS) | Latency (us) | Weighted Latency (us) | Trials | Done 
-------------------------------------------------------------------------------------------------------
  0 | main | 16515072 |      1 |        40.4300 |     408.4852 |              408.4852 |      1 |      
-------------------------------------------------------------------------------------------------------
Total trials: 1
Total latency (us): 408.485

2025-07-03 10:12:50 [INFO] [task_scheduler.cc:266] Task #0 has finished. Remaining task(s): 0
2025-07-03 10:12:50 [INFO] [task_scheduler.cc:326] 
 ID | Name |     FLOP | Weight | Speed (GFLOPS) | Latency (us) | Weighted Latency (us) | Trials | Done 
-------------------------------------------------------------------------------------------------------
  0 | main | 16515072 |      1 |        40.4300 |     408.4852 |              408.4852 |      1 |    Y 
-------------------------------------------------------------------------------------------------------
Total trials: 1
Total latency (us): 408.485

2025-07-03 10:12:50 [INFO] LocalBuilder: max_workers = 1
2025-07-03 10:12:54 [INFO] LocalRunner: max_workers = 1
2025-07-03 10:17:05 [INFO] Logging directory: /data/theo/projects/Tiling/OPT-einsum/TVM-auto/Kernels/Einsum3D/32x126x8x256/ms_log_einsum_mb/logs
2025-07-03 10:17:14 [INFO] [task_scheduler.cc:165] Initializing Task #0: "main"
2025-07-03 10:17:14 [INFO] [task_scheduler.cc:326] 
 ID | Name |     FLOP | Weight | Speed (GFLOPS) | Latency (us) | Weighted Latency (us) | Trials | Done 
-------------------------------------------------------------------------------------------------------
  0 | main | 16515072 |      1 |            N/A |          N/A |                   N/A |      0 |      
-------------------------------------------------------------------------------------------------------
Total trials: 0
Total latency (us): 0

2025-07-03 10:17:14 [INFO] [task_scheduler.cc:186] TaskScheduler picks Task #0: "main"
2025-07-03 10:17:14 [INFO] [task_scheduler.cc:199] Sending 1 sample(s) to builder
2025-07-03 10:17:21 [INFO] [task_scheduler.cc:201] Sending 1 sample(s) to runner
2025-07-03 10:17:23 [DEBUG] XGB iter   0: tr-p-rmse: 0.450000	tr-a-peak@32: 1.000000	tr-rmse: 0.450000	tr-rmse: 0.450000
2025-07-03 10:17:23 [DEBUG] XGB iter  25: tr-p-rmse: 0.032305	tr-a-peak@32: 1.000000	tr-rmse: 0.032305	tr-rmse: 0.032305
2025-07-03 10:17:23 [DEBUG] XGB iter  50: tr-p-rmse: 0.002319	tr-a-peak@32: 1.000000	tr-rmse: 0.002319	tr-rmse: 0.002319
2025-07-03 10:17:23 [DEBUG] XGB iter  75: tr-p-rmse: 0.000166	tr-a-peak@32: 1.000000	tr-rmse: 0.000166	tr-rmse: 0.000166
2025-07-03 10:17:23 [DEBUG] XGB iter 100: tr-p-rmse: 0.000012	tr-a-peak@32: 1.000000	tr-rmse: 0.000012	tr-rmse: 0.000012
2025-07-03 10:17:23 [DEBUG] XGB iter 125: tr-p-rmse: 0.000001	tr-a-peak@32: 1.000000	tr-rmse: 0.000001	tr-rmse: 0.000001
2025-07-03 10:17:23 [DEBUG] XGB iter 150: tr-p-rmse: 0.000000	tr-a-peak@32: 1.000000	tr-rmse: 0.000000	tr-rmse: 0.000000
2025-07-03 10:17:23 [DEBUG] XGB iter 175: tr-p-rmse: 0.000000	tr-a-peak@32: 1.000000	tr-rmse: 0.000000	tr-rmse: 0.000000
2025-07-03 10:17:23 [DEBUG] XGB stopped. Best iteration: [131] tr-p-rmse:0.00000	tr-a-peak@32:1.00000	tr-rmse:0.00000	tr-rmse:0.00000 
2025-07-03 10:17:23 [INFO] [task_scheduler.cc:243] [Updated] Task #0: "main"
2025-07-03 10:17:23 [INFO] [task_scheduler.cc:326] 
 ID | Name |     FLOP | Weight | Speed (GFLOPS) | Latency (us) | Weighted Latency (us) | Trials | Done 
-------------------------------------------------------------------------------------------------------
  0 | main | 16515072 |      1 |        49.9241 |     330.8038 |              330.8038 |      1 |      
-------------------------------------------------------------------------------------------------------
Total trials: 1
Total latency (us): 330.804

2025-07-03 10:17:23 [INFO] [task_scheduler.cc:266] Task #0 has finished. Remaining task(s): 0
2025-07-03 10:17:23 [INFO] [task_scheduler.cc:326] 
 ID | Name |     FLOP | Weight | Speed (GFLOPS) | Latency (us) | Weighted Latency (us) | Trials | Done 
-------------------------------------------------------------------------------------------------------
  0 | main | 16515072 |      1 |        49.9241 |     330.8038 |              330.8038 |      1 |    Y 
-------------------------------------------------------------------------------------------------------
Total trials: 1
Total latency (us): 330.804

2025-07-03 10:17:23 [INFO] LocalBuilder: max_workers = 1
2025-07-03 10:17:33 [INFO] LocalRunner: max_workers = 1
