2025-07-03 10:23:29 [INFO] Logging directory: /data/theo/projects/Tiling/OPT-einsum/TVM-auto/Kernels/Einsum4D/32, 30, 128, 32, 32/ms_log_einsum_mbr/logs
2025-07-03 10:23:58 [INFO] Logging directory: /data/theo/projects/Tiling/OPT-einsum/TVM-auto/Kernels/Einsum4D/32, 30, 128, 32, 32/ms_log_einsum_mbr/logs
2025-07-03 10:24:07 [INFO] [task_scheduler.cc:165] Initializing Task #0: "main"
2025-07-03 10:24:07 [INFO] [task_scheduler.cc:326] 
 ID | Name |      FLOP | Weight | Speed (GFLOPS) | Latency (us) | Weighted Latency (us) | Trials | Done 
--------------------------------------------------------------------------------------------------------
  0 | main | 251658240 |      1 |            N/A |          N/A |                   N/A |      0 |      
--------------------------------------------------------------------------------------------------------
Total trials: 0
Total latency (us): 0

2025-07-03 10:24:07 [INFO] [task_scheduler.cc:186] TaskScheduler picks Task #0: "main"
2025-07-03 10:24:07 [INFO] [task_scheduler.cc:199] Sending 1 sample(s) to builder
2025-07-03 10:24:09 [INFO] [task_scheduler.cc:201] Sending 1 sample(s) to runner
2025-07-03 10:24:11 [DEBUG] XGB iter   0: tr-p-rmse: 0.450000	tr-a-peak@32: 1.000000	tr-rmse: 0.450000	tr-rmse: 0.450000
2025-07-03 10:24:11 [DEBUG] XGB iter  25: tr-p-rmse: 0.032305	tr-a-peak@32: 1.000000	tr-rmse: 0.032305	tr-rmse: 0.032305
2025-07-03 10:24:11 [DEBUG] XGB iter  50: tr-p-rmse: 0.002319	tr-a-peak@32: 1.000000	tr-rmse: 0.002319	tr-rmse: 0.002319
2025-07-03 10:24:11 [DEBUG] XGB iter  75: tr-p-rmse: 0.000166	tr-a-peak@32: 1.000000	tr-rmse: 0.000166	tr-rmse: 0.000166
2025-07-03 10:24:11 [DEBUG] XGB iter 100: tr-p-rmse: 0.000012	tr-a-peak@32: 1.000000	tr-rmse: 0.000012	tr-rmse: 0.000012
2025-07-03 10:24:11 [DEBUG] XGB iter 125: tr-p-rmse: 0.000001	tr-a-peak@32: 1.000000	tr-rmse: 0.000001	tr-rmse: 0.000001
2025-07-03 10:24:11 [DEBUG] XGB iter 150: tr-p-rmse: 0.000000	tr-a-peak@32: 1.000000	tr-rmse: 0.000000	tr-rmse: 0.000000
2025-07-03 10:24:11 [DEBUG] XGB iter 175: tr-p-rmse: 0.000000	tr-a-peak@32: 1.000000	tr-rmse: 0.000000	tr-rmse: 0.000000
2025-07-03 10:24:11 [DEBUG] XGB stopped. Best iteration: [131] tr-p-rmse:0.00000	tr-a-peak@32:1.00000	tr-rmse:0.00000	tr-rmse:0.00000 
2025-07-03 10:24:11 [INFO] [task_scheduler.cc:243] [Updated] Task #0: "main"
2025-07-03 10:24:11 [INFO] [task_scheduler.cc:326] 
 ID | Name |      FLOP | Weight | Speed (GFLOPS) | Latency (us) | Weighted Latency (us) | Trials | Done 
--------------------------------------------------------------------------------------------------------
  0 | main | 251658240 |      1 |        39.6178 |    6352.1521 |             6352.1521 |      1 |      
--------------------------------------------------------------------------------------------------------
Total trials: 1
Total latency (us): 6352.15

2025-07-03 10:24:11 [INFO] [task_scheduler.cc:266] Task #0 has finished. Remaining task(s): 0
2025-07-03 10:24:11 [INFO] [task_scheduler.cc:326] 
 ID | Name |      FLOP | Weight | Speed (GFLOPS) | Latency (us) | Weighted Latency (us) | Trials | Done 
--------------------------------------------------------------------------------------------------------
  0 | main | 251658240 |      1 |        39.6178 |    6352.1521 |             6352.1521 |      1 |    Y 
--------------------------------------------------------------------------------------------------------
Total trials: 1
Total latency (us): 6352.15

2025-07-03 10:24:11 [INFO] LocalBuilder: max_workers = 1
2025-07-03 10:24:15 [INFO] LocalRunner: max_workers = 1
